nohup: ignoring input
Namespace(batch_size=16, dataset_name='IEMOCAP', epochs=50, gnn_layers=4, hidden_dim=300, lr=0.0005, mlp_layers=2, modality='tav', tau=0.2)
device: cuda
building model..
building datasets..
train dialogue num:
108
train utterance num:
5163
building datasets..
dev dialogue num:
12
dev utterance num:
647
building datasets..
test dialogue num:
31
test utterance num:
1623
==========Epoch: 1 ==============
Epoch: 1, train_loss: 1.6452, valid_waf1: 0.3291729688644409, test_waf1: 0.4022757411003113
==========Epoch: 2 ==============
Epoch: 2, train_loss: 1.1967, valid_waf1: 0.4516392946243286, test_waf1: 0.5048049092292786
==========Epoch: 3 ==============
Epoch: 3, train_loss: 1.0172, valid_waf1: 0.48245060443878174, test_waf1: 0.5467032194137573
==========Epoch: 4 ==============
Epoch: 4, train_loss: 0.9637, valid_waf1: 0.5191850066184998, test_waf1: 0.5735039114952087
==========Epoch: 5 ==============
Epoch: 5, train_loss: 0.8592, valid_waf1: 0.5386927723884583, test_waf1: 0.5854564905166626
==========Epoch: 6 ==============
Epoch: 6, train_loss: 0.8342, valid_waf1: 0.5120069980621338, test_waf1: 0.5824983716011047
==========Epoch: 7 ==============
Epoch: 7, train_loss: 0.8113, valid_waf1: 0.5528695583343506, test_waf1: 0.6020278930664062
==========Epoch: 8 ==============
Epoch: 8, train_loss: 0.7534, valid_waf1: 0.5547142028808594, test_waf1: 0.6061865091323853
==========Epoch: 9 ==============
Epoch: 9, train_loss: 0.7498, valid_waf1: 0.589733362197876, test_waf1: 0.6119776964187622
==========Epoch: 10 ==============
Epoch: 10, train_loss: 0.7478, valid_waf1: 0.587016224861145, test_waf1: 0.6059924960136414
==========Epoch: 11 ==============
Epoch: 11, train_loss: 0.7286, valid_waf1: 0.5480775833129883, test_waf1: 0.6138294339179993
==========Epoch: 12 ==============
Epoch: 12, train_loss: 0.7344, valid_waf1: 0.6018813848495483, test_waf1: 0.640694260597229
==========Epoch: 13 ==============
Epoch: 13, train_loss: 0.7278, valid_waf1: 0.5648347735404968, test_waf1: 0.6076220870018005
==========Epoch: 14 ==============
Epoch: 14, train_loss: 0.6962, valid_waf1: 0.6067713499069214, test_waf1: 0.6310737729072571
==========Epoch: 15 ==============
Epoch: 15, train_loss: 0.6772, valid_waf1: 0.5861697196960449, test_waf1: 0.6314201951026917
==========Epoch: 16 ==============
Epoch: 16, train_loss: 0.642, valid_waf1: 0.632988691329956, test_waf1: 0.6554890275001526
==========Epoch: 17 ==============
Epoch: 17, train_loss: 0.6225, valid_waf1: 0.5807741284370422, test_waf1: 0.6403911113739014
==========Epoch: 18 ==============
Epoch: 18, train_loss: 0.6206, valid_waf1: 0.6071902513504028, test_waf1: 0.6494269967079163
==========Epoch: 19 ==============
Epoch: 19, train_loss: 0.6139, valid_waf1: 0.6135585904121399, test_waf1: 0.6496179103851318
==========Epoch: 20 ==============
Epoch: 20, train_loss: 0.6003, valid_waf1: 0.5720594525337219, test_waf1: 0.6324716210365295
==========Epoch: 21 ==============
Epoch: 21, train_loss: 0.5745, valid_waf1: 0.6157769560813904, test_waf1: 0.670553982257843
==========Epoch: 22 ==============
Epoch: 22, train_loss: 0.6203, valid_waf1: 0.5782499313354492, test_waf1: 0.6271136999130249
==========Epoch: 23 ==============
Epoch: 23, train_loss: 0.5722, valid_waf1: 0.6264923810958862, test_waf1: 0.6758706569671631
==========Epoch: 24 ==============
Epoch: 24, train_loss: 0.5581, valid_waf1: 0.5798873901367188, test_waf1: 0.6531524062156677
==========Epoch: 25 ==============
Epoch: 25, train_loss: 0.5312, valid_waf1: 0.631076455116272, test_waf1: 0.6675854921340942
==========Epoch: 26 ==============
Epoch: 26, train_loss: 0.5623, valid_waf1: 0.629607081413269, test_waf1: 0.6802837252616882
==========Epoch: 27 ==============
Epoch: 27, train_loss: 0.5292, valid_waf1: 0.585038423538208, test_waf1: 0.6709399223327637
==========Epoch: 28 ==============
Epoch: 28, train_loss: 0.5284, valid_waf1: 0.6224232316017151, test_waf1: 0.6746575832366943
==========Epoch: 29 ==============
Epoch: 29, train_loss: 0.5273, valid_waf1: 0.598770260810852, test_waf1: 0.6690518856048584
==========Epoch: 30 ==============
Epoch: 30, train_loss: 0.5056, valid_waf1: 0.6398049592971802, test_waf1: 0.6755248308181763
==========Epoch: 31 ==============
Epoch: 31, train_loss: 0.4975, valid_waf1: 0.6183400750160217, test_waf1: 0.69562828540802
==========Epoch: 32 ==============
Epoch: 32, train_loss: 0.4919, valid_waf1: 0.5729519128799438, test_waf1: 0.6696044206619263
==========Epoch: 33 ==============
Epoch: 33, train_loss: 0.4847, valid_waf1: 0.6163508892059326, test_waf1: 0.6795468926429749
==========Epoch: 34 ==============
Epoch: 34, train_loss: 0.4885, valid_waf1: 0.6061120629310608, test_waf1: 0.6884714365005493
==========Epoch: 35 ==============
Epoch: 35, train_loss: 0.4569, valid_waf1: 0.6397401690483093, test_waf1: 0.6984298229217529
==========Epoch: 36 ==============
Epoch: 36, train_loss: 0.434, valid_waf1: 0.5686396360397339, test_waf1: 0.6705620288848877
==========Epoch: 37 ==============
Epoch: 37, train_loss: 0.4432, valid_waf1: 0.640120267868042, test_waf1: 0.6910274028778076
==========Epoch: 38 ==============
Epoch: 38, train_loss: 0.4274, valid_waf1: 0.6442456245422363, test_waf1: 0.7023538947105408
==========Epoch: 39 ==============
Epoch: 39, train_loss: 0.4222, valid_waf1: 0.6382328271865845, test_waf1: 0.687818169593811
==========Epoch: 40 ==============
Epoch: 40, train_loss: 0.424, valid_waf1: 0.586515486240387, test_waf1: 0.64900803565979
==========Epoch: 41 ==============
Epoch: 41, train_loss: 0.423, valid_waf1: 0.6355669498443604, test_waf1: 0.6991590261459351
==========Epoch: 42 ==============
Epoch: 42, train_loss: 0.3917, valid_waf1: 0.6100917458534241, test_waf1: 0.6805494427680969
==========Epoch: 43 ==============
Epoch: 43, train_loss: 0.3818, valid_waf1: 0.5722362995147705, test_waf1: 0.6837781071662903
==========Epoch: 44 ==============
Epoch: 44, train_loss: 0.3709, valid_waf1: 0.59259432554245, test_waf1: 0.7037468552589417
==========Epoch: 45 ==============
Epoch: 45, train_loss: 0.3939, valid_waf1: 0.6192442774772644, test_waf1: 0.6949963569641113
==========Epoch: 46 ==============
Epoch: 46, train_loss: 0.3607, valid_waf1: 0.6080193519592285, test_waf1: 0.7018868923187256
==========Epoch: 47 ==============
Epoch: 47, train_loss: 0.3655, valid_waf1: 0.625696063041687, test_waf1: 0.7077288627624512
==========Epoch: 48 ==============
Epoch: 48, train_loss: 0.3645, valid_waf1: 0.6145872473716736, test_waf1: 0.6899786591529846
==========Epoch: 49 ==============
Epoch: 49, train_loss: 0.3323, valid_waf1: 0.5928586721420288, test_waf1: 0.7039154767990112
==========Epoch: 50 ==============
Epoch: 50, train_loss: 0.3307, valid_waf1: 0.5464283227920532, test_waf1: 0.6719895005226135
The best dev set WA.F1:0.6442456245422363
************final performance on test set************
The corresponding test set WA.F1 when the dev set WA.F1 is the best:0.7023538947105408
finish training!
